<?xml version="1.0" encoding="UTF-8"?>
<robot generator="Robot 3.2.2 (Python 3.9.1 on win32)" generated="20210227 18:01:49.408" rpa="false">
<suite id="s1" name="Robot" source="D:\Work\Software_Enginear\robotframework\Robot.robot">
<test id="s1-t1" name="Go To homepage">
<kw name="Open Browser" library="SeleniumLibrary">
<doc>Opens a new browser instance to the optional ``url``.</doc>
<arguments>
<arg>${HOMEPAGE}</arg>
<arg>${BROWSER}</arg>
</arguments>
<msg timestamp="20210227 18:01:49.581" level="INFO">Opening browser 'chrome' to base url 'http://www.google.com'.</msg>
<status status="PASS" starttime="20210227 18:01:49.580" endtime="20210227 18:01:52.206"></status>
</kw>
<status status="PASS" starttime="20210227 18:01:49.580" endtime="20210227 18:01:52.206" critical="yes"></status>
</test>
<status status="PASS" starttime="20210227 18:01:49.409" endtime="20210227 18:01:52.208"></status>
</suite>
<statistics>
<total>
<stat pass="1" fail="0">Critical Tests</stat>
<stat pass="1" fail="0">All Tests</stat>
</total>
<tag>
</tag>
<suite>
<stat pass="1" fail="0" id="s1" name="Robot">Robot</stat>
</suite>
</statistics>
<errors>
</errors>
</robot>
